0 info it worked if it ends with ok
1 verbose cli [ 'C:\\Program Files\\nodejs\\node.exe',
1 verbose cli   'C:\\Users\\saar\\AppData\\Roaming\\npm\\node_modules\\npm\\bin\\npm-cli.js',
1 verbose cli   'run',
1 verbose cli   'watch' ]
2 info using npm@3.9.2
3 info using node@v6.2.0
4 verbose run-script [ 'prewatch', 'watch', 'postwatch' ]
5 info lifecycle cms-server@0.0.1~prewatch: cms-server@0.0.1
6 silly lifecycle cms-server@0.0.1~prewatch: no script for prewatch, continuing
7 info lifecycle cms-server@0.0.1~watch: cms-server@0.0.1
8 verbose lifecycle cms-server@0.0.1~watch: unsafe-perm in lifecycle true
9 verbose lifecycle cms-server@0.0.1~watch: PATH: C:\Users\saar\AppData\Roaming\npm\node_modules\npm\bin\node-gyp-bin;C:\Projects\cms\server\node_modules\.bin;C:\Program Files\nodejs;C:\Users\saar\bin;C:\Program Files\Git\mingw64\bin;C:\Program Files\Git\usr\local\bin;C:\Program Files\Git\usr\bin;C:\Program Files\Git\usr\bin;C:\Program Files\Git\mingw64\bin;C:\Program Files\Git\usr\bin;C:\Users\saar\bin;C:\Program Files\Docker\Docker\Resources\bin;C:\WINDOWS\system32;C:\WINDOWS;C:\WINDOWS\System32\Wbem;C:\WINDOWS\System32\WindowsPowerShell\v1.0;C:\Program Files (x86)\ATI Technologies\ATI.ACE\Core-Static;C:\Program Files\Microsoft\Web Platform Installer;C:\Program Files (x86)\Skype\Phone;C:\HashiCorp\Vagrant\bin;C:\Users\saar\.dnx\bin;C:\Program Files\Microsoft DNX\Dnvm;C:\Program Files\Microsoft SQL Server\120\Tools\Binn;C:\Program Files\Git\cmd;C:\Program Files\Git\mingw64\bin;C:\Program Files\Git\usr\bin;C:\Program Files (x86)\vim\vim74;C:\Program Files\LLVM\bin;C:\Windows\Microsoft.NET\Framework\v4.0.30319;C:\Program Files\nodejs;%SystemRoot%\system32;%SystemRoot%;%SystemRoot%\System32\Wbem;%SYSTEMROOT%\System32\WindowsPowerShell\v1.0;C:\Ruby23-x64\bin;C:\Program Files (x86)\PuTTY;C:\Program Files\Docker Toolbox;C:\Users\saar\AppData\Local\atom\bin;C:\Program Files\Git\usr\bin;C:\ProgramData\chocolatey\bin;C:\Windows\Microsoft.NET\Framework\v4.0.30319;C:\Program Files (x86)\CMake\bin;C:\Users\saar\AppData\Roaming\npm;C:\Users\saar\AppData\Local\Microsoft\WindowsApps;C:\Users\saar\MongoDB\bin;C:\Program Files\Git\usr\bin\vendor_perl;C:\Program Files\Git\usr\bin\core_perl
10 verbose lifecycle cms-server@0.0.1~watch: CWD: C:\Projects\cms\server
11 silly lifecycle cms-server@0.0.1~watch: Args: [ '/d /s /c',
11 silly lifecycle   'watch ./client/input build:html build:css build:css' ]
12 silly lifecycle cms-server@0.0.1~watch: Returned: code: 1  signal: null
13 info lifecycle cms-server@0.0.1~watch: Failed to exec watch script
14 verbose stack Error: cms-server@0.0.1 watch: `watch ./client/input build:html build:css build:css`
14 verbose stack Exit status 1
14 verbose stack     at EventEmitter.<anonymous> (C:\Users\saar\AppData\Roaming\npm\node_modules\npm\lib\utils\lifecycle.js:245:16)
14 verbose stack     at emitTwo (events.js:106:13)
14 verbose stack     at EventEmitter.emit (events.js:191:7)
14 verbose stack     at ChildProcess.<anonymous> (C:\Users\saar\AppData\Roaming\npm\node_modules\npm\lib\utils\spawn.js:24:14)
14 verbose stack     at emitTwo (events.js:106:13)
14 verbose stack     at ChildProcess.emit (events.js:191:7)
14 verbose stack     at maybeClose (internal/child_process.js:850:16)
14 verbose stack     at Process.ChildProcess._handle.onexit (internal/child_process.js:215:5)
15 verbose pkgid cms-server@0.0.1
16 verbose cwd C:\Projects\cms\server
17 error Windows_NT 10.0.14393
18 error argv "C:\\Program Files\\nodejs\\node.exe" "C:\\Users\\saar\\AppData\\Roaming\\npm\\node_modules\\npm\\bin\\npm-cli.js" "run" "watch"
19 error node v6.2.0
20 error npm  v3.9.2
21 error code ELIFECYCLE
22 error cms-server@0.0.1 watch: `watch ./client/input build:html build:css build:css`
22 error Exit status 1
23 error Failed at the cms-server@0.0.1 watch script 'watch ./client/input build:html build:css build:css'.
23 error Make sure you have the latest version of node.js and npm installed.
23 error If you do, this is most likely a problem with the cms-server package,
23 error not with npm itself.
23 error Tell the author that this fails on your system:
23 error     watch ./client/input build:html build:css build:css
23 error You can get information on how to open an issue for this project with:
23 error     npm bugs cms-server
23 error Or if that isn't available, you can get their info via:
23 error     npm owner ls cms-server
23 error There is likely additional logging output above.
24 verbose exit [ 1, true ]
